2023-11-19 14:44:37,673 [INFO] Activator:176 - 


2023-11-19 14:44:37,677 [INFO] Activator:177 - !SESSION log4j initialized
2023-11-19 14:44:43,166 [INFO] LogOutputStream:77 - [STDOUT_REDIRECT] 
2023-11-19 14:44:47,365 [INFO] ApplicationProperties:184 - Using Application install path: C:\ST\STM32CubeIDE_1.13.2\STM32CubeIDE\plugins\com.st.stm32cube.common.mx_6.9.2.202309101412
2023-11-19 14:44:47,394 [INFO] DbMcusXml:78 - Set database path to: C:\ST\STM32CubeIDE_1.13.2\STM32CubeIDE\plugins\com.st.stm32cube.common.mx_6.9.2.202309101412\\db\/mcu/
2023-11-19 14:44:47,395 [INFO] ApiDb:274 - Set plugin database path to: C:\ST\STM32CubeIDE_1.13.2\STM32CubeIDE\plugins\com.st.stm32cube.common.mx_6.9.2.202309101412\\db\/plugins/boardmanager/
2023-11-19 14:44:47,396 [WARN] ApiDb:259 - Overriding images path with different value:  => C:\ST\STM32CubeIDE_1.13.2\STM32CubeIDE\plugins\com.st.stm32cube.common.mx_6.9.2.202309101412\\db\/plugins/mcufinder/images/
2023-11-19 14:44:47,415 [INFO] ApiDb:250 - Set database path to: C:\Users\Pavle\.stmcufinder\plugins\mcufinder//mcu/
2023-11-19 14:44:47,418 [INFO] DbMcusAds:125 - Set database path to: C:\Users\Pavle\.stmcufinder\plugins\mcufinder//mcu/
2023-11-19 14:44:47,422 [INFO] CrossReferenceDbSqlite:203 - Set database path to: C:\Users\Pavle\.stmcufinder\plugins\mcufinder//mcu/cs/
2023-11-19 14:44:47,652 [INFO] RulesReader:64 - Compatibility file has been processed (293 Rules)
2023-11-19 14:44:47,794 [INFO] DbMcusXml:78 - Set database path to: C:\ST\STM32CubeIDE_1.13.2\STM32CubeIDE\plugins\com.st.stm32cube.common.mx_6.9.2.202309101412\\db\/mcu/
2023-11-19 14:44:47,794 [INFO] ApiDb:274 - Set plugin database path to: C:\ST\STM32CubeIDE_1.13.2\STM32CubeIDE\plugins\com.st.stm32cube.common.mx_6.9.2.202309101412\\db\/plugins/boardmanager/
2023-11-19 14:44:47,794 [INFO] ApiDb:261 - Set plugin images path to: C:\ST\STM32CubeIDE_1.13.2\STM32CubeIDE\plugins\com.st.stm32cube.common.mx_6.9.2.202309101412\\db\/plugins/mcufinder/images/
2023-11-19 14:44:47,795 [WARN] DbFile:41 - Overriding database path with different value: C:\Users\Pavle\.stmcufinder\plugins\mcufinder/ => C:\Users\Pavle\.stmcufinder\plugins\mcufinder
2023-11-19 14:44:47,795 [INFO] ApiDb:250 - Set database path to: C:\Users\Pavle\.stmcufinder\plugins\mcufinder//mcu/
2023-11-19 14:44:47,796 [WARN] DbFile:41 - Overriding database path with different value: C:\Users\Pavle\.stmcufinder\plugins\mcufinder/ => C:\Users\Pavle\.stmcufinder\plugins\mcufinder
2023-11-19 14:44:47,796 [INFO] DbMcusAds:125 - Set database path to: C:\Users\Pavle\.stmcufinder\plugins\mcufinder//mcu/
2023-11-19 14:44:47,796 [WARN] DbFile:41 - Overriding database path with different value: C:\Users\Pavle\.stmcufinder\plugins\mcufinder/ => C:\Users\Pavle\.stmcufinder\plugins\mcufinder
2023-11-19 14:44:47,796 [WARN] DbFile:41 - Overriding database path with different value: C:\Users\Pavle\.stmcufinder\plugins\mcufinder/ => C:\Users\Pavle\.stmcufinder\plugins\mcufinder
2023-11-19 14:44:47,796 [INFO] CrossReferenceDbSqlite:203 - Set database path to: C:\Users\Pavle\.stmcufinder\plugins\mcufinder//mcu/cs/
2023-11-19 14:44:47,922 [INFO] MainPanel:262 - HeapMemory: 268435456
2023-11-19 14:44:48,050 [INFO] DbMcusXml:78 - Set database path to: C:\ST\STM32CubeIDE_1.13.2\STM32CubeIDE\plugins\com.st.stm32cube.common.mx_6.9.2.202309101412\\db\/mcu/
2023-11-19 14:44:48,050 [INFO] ApiDb:274 - Set plugin database path to: C:\ST\STM32CubeIDE_1.13.2\STM32CubeIDE\plugins\com.st.stm32cube.common.mx_6.9.2.202309101412\\db\/plugins/boardmanager/
2023-11-19 14:44:48,051 [INFO] ApiDb:261 - Set plugin images path to: C:\ST\STM32CubeIDE_1.13.2\STM32CubeIDE\plugins\com.st.stm32cube.common.mx_6.9.2.202309101412\\db\/plugins/mcufinder/images/
2023-11-19 14:44:48,052 [WARN] DbFile:41 - Overriding database path with different value: C:\Users\Pavle\.stmcufinder\plugins\mcufinder/ => C:\Users\Pavle\.stmcufinder\plugins\mcufinder
2023-11-19 14:44:48,052 [INFO] ApiDb:250 - Set database path to: C:\Users\Pavle\.stmcufinder\plugins\mcufinder//mcu/
2023-11-19 14:44:48,052 [WARN] DbFile:41 - Overriding database path with different value: C:\Users\Pavle\.stmcufinder\plugins\mcufinder/ => C:\Users\Pavle\.stmcufinder\plugins\mcufinder
2023-11-19 14:44:48,053 [INFO] DbMcusAds:125 - Set database path to: C:\Users\Pavle\.stmcufinder\plugins\mcufinder//mcu/
2023-11-19 14:44:48,053 [WARN] DbFile:41 - Overriding database path with different value: C:\Users\Pavle\.stmcufinder\plugins\mcufinder/ => C:\Users\Pavle\.stmcufinder\plugins\mcufinder
2023-11-19 14:44:48,053 [WARN] DbFile:41 - Overriding database path with different value: C:\Users\Pavle\.stmcufinder\plugins\mcufinder/ => C:\Users\Pavle\.stmcufinder\plugins\mcufinder
2023-11-19 14:44:48,053 [INFO] CrossReferenceDbSqlite:203 - Set database path to: C:\Users\Pavle\.stmcufinder\plugins\mcufinder//mcu/cs/
2023-11-19 14:44:48,079 [INFO] ApplicationProperties:184 - Using Application install path: C:\ST\STM32CubeIDE_1.13.2\STM32CubeIDE\plugins\com.st.stm32cube.common.mx_6.9.2.202309101412
2023-11-19 14:44:48,082 [INFO] PluginManage:196 - Search for loadable plugins [exclusion list=, ]
2023-11-19 14:44:48,084 [INFO] PluginManage:310 - Check plugin analytics
2023-11-19 14:44:48,394 [INFO] AnalyticsPlugin:253 - Accepted Software Licenses: 
2023-11-19 14:44:48,395 [INFO] AnalyticsPlugin:255 - Accepted CMSIS Pack Licenses: 
2023-11-19 14:44:48,395 [INFO] AnalyticsPlugin:257 - Accepted Firmware Licenses: 
2023-11-19 14:44:48,404 [INFO] PluginManage:359 - Loaded plugin analytics (category:tool,tabindex:-1)
2023-11-19 14:44:48,406 [INFO] PluginManage:310 - Check plugin cadmodel
2023-11-19 14:44:48,441 [INFO] CADModel:105 - Init CAD model plugin
2023-11-19 14:44:48,441 [INFO] PluginManage:359 - Loaded plugin cadmodel (category:power,tabindex:5)
2023-11-19 14:44:48,441 [INFO] PluginManage:310 - Check plugin clock
2023-11-19 14:44:48,470 [INFO] PluginManage:359 - Loaded plugin clock (category:base,tabindex:2)
2023-11-19 14:44:48,470 [INFO] PluginManage:310 - Check plugin ddr
2023-11-19 14:44:48,474 [INFO] PluginManage:359 - Loaded plugin ddr (category:tool,tabindex:6)
2023-11-19 14:44:48,474 [INFO] PluginManage:310 - Check plugin filemanager
2023-11-19 14:44:48,699 [INFO] PluginManage:359 - Loaded plugin filemanager (category:base,tabindex:10)
2023-11-19 14:44:48,700 [INFO] PluginManage:310 - Check plugin ipmanager
2023-11-19 14:44:48,722 [INFO] PluginManage:359 - Loaded plugin ipmanager (category:base,tabindex:5)
2023-11-19 14:44:48,723 [INFO] PluginManage:310 - Check plugin lpbam
2023-11-19 14:44:48,762 [INFO] PluginManage:359 - Loaded plugin lpbam (category:base,tabindex:0)
2023-11-19 14:44:48,762 [INFO] PluginManage:310 - Check plugin memorymap
2023-11-19 14:44:48,804 [INFO] PluginManage:359 - Loaded plugin memorymap (category:base,tabindex:4)
2023-11-19 14:44:48,805 [INFO] PluginManage:310 - Check plugin pinoutandconfiguration
2023-11-19 14:44:48,841 [INFO] PluginManage:359 - Loaded plugin pinoutandconfiguration (category:base,tabindex:1)
2023-11-19 14:44:48,841 [INFO] PluginManage:310 - Check plugin pinoutconfig
2023-11-19 14:44:49,023 [WARN] SupportedApi:132 - Cannot load RTOS API schema: s4s-elt-must-match.1: The content of 'definitions' must match (annotation?, (simpleType | complexType)?, (unique | key | keyref)*)). A problem was found starting at: attribute.
2023-11-19 14:44:49,248 [INFO] PluginManage:359 - Loaded plugin pinoutconfig (category:base,tabindex:0)
2023-11-19 14:44:49,249 [INFO] PluginManage:310 - Check plugin power
2023-11-19 14:44:49,276 [INFO] PluginManage:359 - Loaded plugin power (category:power,tabindex:4)
2023-11-19 14:44:49,277 [INFO] PluginManage:310 - Check plugin projectmanager
2023-11-19 14:44:49,305 [INFO] PluginManage:359 - Loaded plugin projectmanager (category:projectmanager,tabindex:3)
2023-11-19 14:44:49,305 [INFO] PluginManage:310 - Check plugin thirdparty
2023-11-19 14:44:50,004 [INFO] PluginManage:359 - Loaded plugin thirdparty (category:base,tabindex:-1)
2023-11-19 14:44:50,006 [INFO] PluginManage:310 - Check plugin tools
2023-11-19 14:44:50,007 [WARN] IntegrityCheckThread:84 - waiting for thirdparty lock release [integrity check]
2023-11-19 14:44:50,015 [INFO] IntegrityCheckThread:86 - entering critical section [integrity check]
2023-11-19 14:44:50,016 [INFO] ThirdPartyUpdaterWithRetryManager:70 - Updater plugin not ready yet. [1/15]
2023-11-19 14:44:50,101 [INFO] PluginManage:359 - Loaded plugin tools (category:base,tabindex:7)
2023-11-19 14:44:50,101 [INFO] PluginManage:310 - Check plugin tutovideos
2023-11-19 14:44:50,436 [INFO] PluginManage:359 - Loaded plugin tutovideos (category:base,tabindex:-1)
2023-11-19 14:44:50,436 [INFO] PluginManage:310 - Check plugin updater
2023-11-19 14:44:50,453 [INFO] PluginManage:359 - Loaded plugin updater (category:base,tabindex:12)
2023-11-19 14:44:50,454 [INFO] PluginManage:310 - Check plugin userauth
2023-11-19 14:44:50,462 [INFO] UserAuth:113 - Init User Auth plugin
2023-11-19 14:44:50,462 [INFO] PluginManage:359 - Loaded plugin userauth (category:base,tabindex:14)
2023-11-19 14:44:50,463 [INFO] PluginManage:283 - PluginManage : Loaded plugins [17]
2023-11-19 14:44:50,883 [INFO] PinOutPanel:1499 - setPackage(No Configuration,No Configuration)
2023-11-19 14:44:51,134 [INFO] CADModel:165 - CPN selected for project level
2023-11-19 14:44:51,135 [INFO] CADModel:114 - Register for checkConnection events
2023-11-19 14:44:51,185 [INFO] IPUIPlugin:80 - create IPUIPlugin
2023-11-19 14:44:51,185 [INFO] PluginManager:220 - loadIPPluginJar : add adc
2023-11-19 14:44:51,240 [INFO] IPUIPlugin:80 - create IPUIPlugin
2023-11-19 14:44:51,241 [INFO] PluginManager:220 - loadIPPluginJar : add aes
2023-11-19 14:44:51,322 [INFO] IPUIPlugin:80 - create IPUIPlugin
2023-11-19 14:44:51,322 [INFO] PluginManager:220 - loadIPPluginJar : add can
2023-11-19 14:44:51,364 [INFO] IPUIPlugin:80 - create IPUIPlugin
2023-11-19 14:44:51,366 [INFO] PluginManager:220 - loadIPPluginJar : add comp
2023-11-19 14:44:51,451 [INFO] IPUIPlugin:80 - create IPUIPlugin
2023-11-19 14:44:51,452 [INFO] PluginManager:220 - loadIPPluginJar : add cryp
2023-11-19 14:44:51,529 [INFO] IPUIPlugin:80 - create IPUIPlugin
2023-11-19 14:44:51,529 [INFO] PluginManager:220 - loadIPPluginJar : add dfsdm
2023-11-19 14:44:51,592 [INFO] IPUIPlugin:80 - create IPUIPlugin
2023-11-19 14:44:51,594 [INFO] PluginManager:220 - loadIPPluginJar : add dma
2023-11-19 14:44:51,674 [INFO] IPUIPlugin:80 - create IPUIPlugin
2023-11-19 14:44:51,675 [INFO] PluginManager:220 - loadIPPluginJar : add dma3
2023-11-19 14:44:51,707 [INFO] IPUIPlugin:80 - create IPUIPlugin
2023-11-19 14:44:51,707 [INFO] PluginManager:220 - loadIPPluginJar : add fatfs
2023-11-19 14:44:51,782 [INFO] IPUIPlugin:80 - create IPUIPlugin
2023-11-19 14:44:51,782 [INFO] PluginManager:220 - loadIPPluginJar : add fmc
2023-11-19 14:44:51,807 [INFO] IPUIPlugin:80 - create IPUIPlugin
2023-11-19 14:44:51,807 [INFO] PluginManager:220 - loadIPPluginJar : add freertos
2023-11-19 14:44:51,836 [INFO] IPUIPlugin:80 - create IPUIPlugin
2023-11-19 14:44:51,836 [INFO] PluginManager:220 - loadIPPluginJar : add genericplugin
2023-11-19 14:44:51,976 [INFO] IPUIPlugin:80 - create IPUIPlugin
2023-11-19 14:44:51,976 [INFO] PluginManager:220 - loadIPPluginJar : add gfxmmu
2023-11-19 14:44:52,178 [INFO] IPUIPlugin:80 - create IPUIPlugin
2023-11-19 14:44:52,179 [INFO] PluginManager:220 - loadIPPluginJar : add gic
2023-11-19 14:44:52,195 [INFO] IPUIPlugin:80 - create IPUIPlugin
2023-11-19 14:44:52,195 [INFO] PluginManager:220 - loadIPPluginJar : add gpio
2023-11-19 14:44:52,328 [INFO] IPUIPlugin:80 - create IPUIPlugin
2023-11-19 14:44:52,328 [INFO] PluginManager:220 - loadIPPluginJar : add gtzc
2023-11-19 14:44:52,374 [INFO] IPUIPlugin:80 - create IPUIPlugin
2023-11-19 14:44:52,374 [INFO] PluginManager:220 - loadIPPluginJar : add hash
2023-11-19 14:44:52,454 [INFO] IPUIPlugin:80 - create IPUIPlugin
2023-11-19 14:44:52,454 [INFO] PluginManager:220 - loadIPPluginJar : add i2c
2023-11-19 14:44:52,512 [INFO] IPUIPlugin:80 - create IPUIPlugin
2023-11-19 14:44:52,512 [INFO] PluginManager:220 - loadIPPluginJar : add i2s
2023-11-19 14:44:52,572 [INFO] IPUIPlugin:80 - create IPUIPlugin
2023-11-19 14:44:52,572 [INFO] PluginManager:220 - loadIPPluginJar : add i3c
2023-11-19 14:44:52,735 [INFO] IPUIPlugin:80 - create IPUIPlugin
2023-11-19 14:44:52,735 [INFO] PluginManager:220 - loadIPPluginJar : add ipddr
2023-11-19 14:44:52,917 [INFO] IPUIPlugin:80 - create IPUIPlugin
2023-11-19 14:44:52,918 [INFO] PluginManager:220 - loadIPPluginJar : add linkedlist
2023-11-19 14:44:52,969 [INFO] IPUIPlugin:80 - create IPUIPlugin
2023-11-19 14:44:52,969 [INFO] PluginManager:220 - loadIPPluginJar : add lorawan
2023-11-19 14:44:53,018 [INFO] ThirdPartyUpdaterWithRetryManager:70 - Updater plugin not ready yet. [2/15]
2023-11-19 14:44:53,023 [INFO] IPUIPlugin:80 - create IPUIPlugin
2023-11-19 14:44:53,023 [INFO] PluginManager:220 - loadIPPluginJar : add ltdc
2023-11-19 14:44:53,044 [INFO] IPUIPlugin:80 - create IPUIPlugin
2023-11-19 14:44:53,044 [INFO] PluginManager:220 - loadIPPluginJar : add mdma
2023-11-19 14:44:53,060 [INFO] IPUIPlugin:80 - create IPUIPlugin
2023-11-19 14:44:53,061 [INFO] PluginManager:220 - loadIPPluginJar : add nvic
2023-11-19 14:44:53,135 [INFO] IPUIPlugin:80 - create IPUIPlugin
2023-11-19 14:44:53,135 [INFO] PluginManager:220 - loadIPPluginJar : add opamp
2023-11-19 14:44:53,244 [INFO] IPUIPlugin:80 - create IPUIPlugin
2023-11-19 14:44:53,244 [INFO] PluginManager:220 - loadIPPluginJar : add openamp
2023-11-19 14:44:53,324 [INFO] IPUIPlugin:80 - create IPUIPlugin
2023-11-19 14:44:53,324 [INFO] PluginManager:220 - loadIPPluginJar : add pdm2pcm
2023-11-19 14:44:53,347 [INFO] IPUIPlugin:80 - create IPUIPlugin
2023-11-19 14:44:53,352 [INFO] PluginManager:220 - loadIPPluginJar : add plateformsettings
2023-11-19 14:44:53,386 [INFO] IPUIPlugin:80 - create IPUIPlugin
2023-11-19 14:44:53,386 [INFO] PluginManager:220 - loadIPPluginJar : add quadspi
2023-11-19 14:44:53,409 [INFO] IPUIPlugin:80 - create IPUIPlugin
2023-11-19 14:44:53,409 [INFO] PluginManager:220 - loadIPPluginJar : add resmgrutility
2023-11-19 14:44:53,501 [INFO] IPUIPlugin:80 - create IPUIPlugin
2023-11-19 14:44:53,501 [INFO] PluginManager:220 - loadIPPluginJar : add sai
2023-11-19 14:44:53,561 [INFO] IPUIPlugin:80 - create IPUIPlugin
2023-11-19 14:44:53,561 [INFO] PluginManager:220 - loadIPPluginJar : add spi
2023-11-19 14:44:53,656 [INFO] IPUIPlugin:80 - create IPUIPlugin
2023-11-19 14:44:53,656 [INFO] PluginManager:220 - loadIPPluginJar : add stm32_wpan
2023-11-19 14:44:53,688 [INFO] IPUIPlugin:80 - create IPUIPlugin
2023-11-19 14:44:53,688 [INFO] PluginManager:220 - loadIPPluginJar : add tim
2023-11-19 14:44:53,770 [INFO] IPUIPlugin:80 - create IPUIPlugin
2023-11-19 14:44:53,771 [INFO] PluginManager:220 - loadIPPluginJar : add touchsensing
2023-11-19 14:44:53,803 [INFO] IPUIPlugin:80 - create IPUIPlugin
2023-11-19 14:44:53,803 [INFO] PluginManager:220 - loadIPPluginJar : add tracer_emb
2023-11-19 14:44:53,835 [INFO] IPUIPlugin:80 - create IPUIPlugin
2023-11-19 14:44:53,835 [INFO] PluginManager:220 - loadIPPluginJar : add ts
2023-11-19 14:44:53,865 [INFO] IPUIPlugin:80 - create IPUIPlugin
2023-11-19 14:44:53,866 [INFO] PluginManager:220 - loadIPPluginJar : add tsc
2023-11-19 14:44:53,895 [INFO] IPUIPlugin:80 - create IPUIPlugin
2023-11-19 14:44:53,896 [INFO] PluginManager:220 - loadIPPluginJar : add ucpd
2023-11-19 14:44:53,959 [INFO] IPUIPlugin:80 - create IPUIPlugin
2023-11-19 14:44:53,959 [INFO] PluginManager:220 - loadIPPluginJar : add usart
2023-11-19 14:44:54,023 [INFO] IPUIPlugin:80 - create IPUIPlugin
2023-11-19 14:44:54,023 [INFO] PluginManager:220 - loadIPPluginJar : add usbx
2023-11-19 14:44:54,204 [INFO] CADModel:165 - CPN selected for project level
2023-11-19 14:44:54,204 [INFO] CADModel:114 - Register for checkConnection events
2023-11-19 14:44:54,205 [FATAL] Updater:308 - Updater called before beeing initialized
2023-11-19 14:44:54,205 [ERROR] CADModel:125 - Updater not yet initialized, retry later 
2023-11-19 14:44:54,465 [INFO] CADModel:165 - CPN selected for project level
2023-11-19 14:44:54,466 [INFO] CADModel:114 - Register for checkConnection events
2023-11-19 14:44:54,466 [FATAL] Updater:308 - Updater called before beeing initialized
2023-11-19 14:44:54,466 [ERROR] CADModel:125 - Updater not yet initialized, retry later 
2023-11-19 14:44:54,472 [FATAL] Updater:308 - Updater called before beeing initialized
2023-11-19 14:44:54,674 [FATAL] Updater:308 - Updater called before beeing initialized
2023-11-19 14:44:54,689 [INFO] DbMcusAds:53 - JSON generation date=Tue Mar 07 09:50:55 CET 2023 (1678179055335)
2023-11-19 14:44:54,689 [FATAL] Updater:308 - Updater called before beeing initialized
2023-11-19 14:44:54,819 [WARN] DetailPanel:346 - Failed to get advertising image, set to default
2023-11-19 14:44:54,988 [FATAL] Updater:308 - Updater called before beeing initialized
2023-11-19 14:44:54,992 [FATAL] Updater:308 - Updater called before beeing initialized
2023-11-19 14:44:54,993 [FATAL] Updater:308 - Updater called before beeing initialized
2023-11-19 14:44:54,993 [WARN] DetailPanel:346 - Failed to get advertising image, set to default
2023-11-19 14:44:54,995 [FATAL] Updater:308 - Updater called before beeing initialized
2023-11-19 14:44:55,146 [ERROR] Updater:1120 - MainUpdater not yet initialized. External WinMGr cannot be set.
2023-11-19 14:44:55,168 [INFO] Updater:1056 - Updater Version found : 6.9.2
2023-11-19 14:44:55,197 [INFO] ApplicationProperties:184 - Using Application install path: C:\ST\STM32CubeIDE_1.13.2\STM32CubeIDE\plugins\com.st.stm32cube.common.mx_6.9.2.202309101412
2023-11-19 14:44:55,438 [INFO] MainUpdater:2868 - connection check result : 10
2023-11-19 14:44:55,439 [INFO] MainUpdater:285 - Updater Check For Update Now.
2023-11-19 14:44:55,440 [INFO] MicroXplorer:498 - Change Database Version : DB.6.0.92
2023-11-19 14:44:55,471 [INFO] McuFinderGlobals:63 - Set McuFinder mode to 2 (CubeIDE integrated)
2023-11-19 14:44:55,860 [INFO] CheckServerUpdateThread:120 - End of CheckServer Thread
2023-11-19 14:44:56,726 [WARN] PackLoader:240 - Cannot read IP mode file for STMicroelectronics.X-CUBE-SMBUS.2.1.0
2023-11-19 14:44:56,909 [WARN] PackLoader:240 - Cannot read IP mode file for STMicroelectronics.X-CUBE-AZRTOS-F7.1.1.0
2023-11-19 14:44:56,974 [WARN] PackLoader:240 - Cannot read IP mode file for STMicroelectronics.FP-SNS-MOTENV1.4.3.2
2023-11-19 14:44:57,056 [WARN] PackLoader:240 - Cannot read IP mode file for STMicroelectronics.FP-SNS-FLIGHT1.5.0.2
2023-11-19 14:44:57,098 [WARN] PackLoader:240 - Cannot read IP mode file for STMicroelectronics.X-CUBE-DISPLAY.3.0.0
2023-11-19 14:44:57,177 [WARN] PackLoader:240 - Cannot read IP mode file for STMicroelectronics.X-CUBE-BLE1.7.0.0
2023-11-19 14:44:57,250 [WARN] PackLoader:240 - Cannot read IP mode file for emotas.I-CUBE-CANOPEN.1.3.0
2023-11-19 14:44:57,280 [WARN] PackLoader:240 - Cannot read IP mode file for STMicroelectronics.X-CUBE-TOUCHGFX.4.22.1
2023-11-19 14:44:57,315 [WARN] PackLoader:240 - Cannot read IP mode file for STMicroelectronics.FP-SNS-SMARTAG2.1.2.0
2023-11-19 14:44:57,371 [INFO] LogOutputStream:77 - [STDOUT_REDIRECT] 1 : Invalid condition id : UX_CORESTACK_Condition cause : null
2023-11-19 14:44:57,372 [INFO] LogOutputStream:77 - [STDOUT_REDIRECT] 1 : Invalid condition id : UX_CORESTACK_Condition cause : null
2023-11-19 14:44:57,377 [INFO] LogOutputStream:77 - [STDOUT_REDIRECT] 1 : Invalid condition id : UX_CORESTACK_Condition cause : null
2023-11-19 14:44:57,381 [INFO] LogOutputStream:77 - [STDOUT_REDIRECT] 1 : Invalid condition id : UX_CORESTACK_Condition cause : null
2023-11-19 14:44:57,389 [INFO] LogOutputStream:77 - [STDOUT_REDIRECT] 1 : Invalid condition id : UX_CORESTACK_Condition cause : null
2023-11-19 14:44:57,401 [WARN] PackLoader:240 - Cannot read IP mode file for STMicroelectronics.X-CUBE-AZRTOS-WL.2.0.0
2023-11-19 14:44:57,438 [WARN] PackLoader:240 - Cannot read IP mode file for WES.I-CUBE-Cesium.1.3.0
2023-11-19 14:44:57,467 [WARN] PackLoader:240 - Cannot read IP mode file for STMicroelectronics.X-CUBE-BLE2.3.3.0
2023-11-19 14:44:57,498 [WARN] PackLoader:240 - Cannot read IP mode file for STMicroelectronics.X-CUBE-ALGOBUILD.1.3.0
2023-11-19 14:44:57,576 [WARN] PackLoader:240 - Cannot read IP mode file for STMicroelectronics.X-CUBE-AZRTOS-G0.1.1.0
2023-11-19 14:44:57,608 [WARN] PackLoader:240 - Cannot read IP mode file for STMicroelectronics.X-CUBE-NFC4.3.0.0
2023-11-19 14:44:57,664 [WARN] PackLoader:240 - Cannot read IP mode file for STMicroelectronics.X-CUBE-BLEMGR.3.0.0
2023-11-19 14:44:57,691 [WARN] PackLoader:240 - Cannot read IP mode file for STMicroelectronics.FP-ATR-SIGFOX1.3.2.0
2023-11-19 14:44:57,719 [WARN] PackLoader:240 - Cannot read IP mode file for STMicroelectronics.X-CUBE-GNSS1.6.0.0
2023-11-19 14:44:57,811 [WARN] PackLoader:240 - Cannot read IP mode file for STMicroelectronics.X-CUBE-AZRTOS-F4.1.1.0
2023-11-19 14:44:57,849 [WARN] PackLoader:240 - Cannot read IP mode file for wolfSSL.I-CUBE-wolfSSL.5.6.4
2023-11-19 14:44:57,922 [WARN] PackLoader:240 - Cannot read IP mode file for STMicroelectronics.X-CUBE-AZRTOS-L5.2.0.0
2023-11-19 14:44:57,972 [WARN] PackLoader:240 - Cannot read IP mode file for STMicroelectronics.X-CUBE-EEPRMA1.4.2.0
2023-11-19 14:44:58,002 [WARN] PackLoader:240 - Cannot read IP mode file for ITTIA_DB.I-CUBE-ITTIADB.8.8.0
2023-11-19 14:44:58,064 [WARN] ConditionMgr:438 - getConditionDescription Invalid condition id : UX DEVICE CLASS RTOS Condition cause : null
2023-11-19 14:44:58,064 [WARN] ConditionMgr:438 - getConditionDescription Invalid condition id : UX DEVICE CLASS RTOS Condition cause : null
2023-11-19 14:44:58,070 [WARN] PackLoader:240 - Cannot read IP mode file for STMicroelectronics.X-CUBE-AZRTOS-H7.3.1.0
2023-11-19 14:44:58,073 [WARN] ConditionMgr:1039 - genDependencies : Invalid condition id : UX DEVICE CLASS RTOS Condition cause : null
2023-11-19 14:44:58,074 [WARN] ConditionMgr:1039 - genDependencies : Invalid condition id : UX DEVICE CLASS RTOS Condition cause : null
2023-11-19 14:44:58,076 [WARN] ConditionMgr:1039 - genDependencies : Invalid condition id : UX DEVICE CLASS RTOS Condition cause : null
2023-11-19 14:44:58,077 [WARN] ConditionMgr:1039 - genDependencies : Invalid condition id : UX DEVICE CLASS RTOS Condition cause : null
2023-11-19 14:44:58,077 [WARN] ConditionMgr:1039 - genDependencies : Invalid condition id : UX DEVICE CLASS RTOS Condition cause : null
2023-11-19 14:44:58,104 [WARN] PackLoader:240 - Cannot read IP mode file for STMicroelectronics.X-CUBE-NFC7.1.0.1
2023-11-19 14:44:58,148 [WARN] PackLoader:240 - Cannot read IP mode file for STMicroelectronics.X-CUBE-NFC6.3.0.0
2023-11-19 14:44:58,177 [WARN] PackLoader:240 - Cannot read IP mode file for STMicroelectronics.X-CUBE-AI.8.1.0
2023-11-19 14:44:58,239 [WARN] ConditionMgr:438 - getConditionDescription Invalid condition id : LAN8742 Phy interface Condition cause : null
2023-11-19 14:44:58,241 [WARN] PackLoader:240 - Cannot read IP mode file for STMicroelectronics.X-CUBE-AZRTOS-L4.2.0.0
2023-11-19 14:44:58,243 [WARN] ConditionMgr:1039 - genDependencies : Invalid condition id : LAN8742 Phy interface Condition cause : null
2023-11-19 14:44:58,243 [WARN] ConditionMgr:1039 - genDependencies : Invalid condition id : LAN8742 Phy interface Condition cause : null
2023-11-19 14:44:58,245 [WARN] ConditionMgr:1039 - genDependencies : Invalid condition id : LAN8742 Phy interface Condition cause : null
2023-11-19 14:44:58,278 [WARN] PackLoader:240 - Cannot read IP mode file for STMicroelectronics.X-CUBE-SFXS2LP1.4.0.0
2023-11-19 14:44:58,303 [WARN] PackLoader:240 - Cannot read IP mode file for STMicroelectronics.X-CUBE-ISPU.1.1.0
2023-11-19 14:44:58,362 [WARN] ConditionMgr:438 - getConditionDescription Invalid condition id : UX DEVICE CLASS RTOS Condition cause : null
2023-11-19 14:44:58,362 [WARN] ConditionMgr:438 - getConditionDescription Invalid condition id : UX DEVICE CLASS RTOS Condition cause : null
2023-11-19 14:44:58,366 [WARN] PackLoader:240 - Cannot read IP mode file for STMicroelectronics.X-CUBE-AZRTOS-WB.2.0.0
2023-11-19 14:44:58,368 [WARN] ConditionMgr:1039 - genDependencies : Invalid condition id : UX DEVICE CLASS RTOS Condition cause : null
2023-11-19 14:44:58,368 [WARN] ConditionMgr:1039 - genDependencies : Invalid condition id : UX DEVICE CLASS RTOS Condition cause : null
2023-11-19 14:44:58,369 [WARN] ConditionMgr:1039 - genDependencies : Invalid condition id : UX DEVICE CLASS RTOS Condition cause : null
2023-11-19 14:44:58,369 [WARN] ConditionMgr:1039 - genDependencies : Invalid condition id : UX DEVICE CLASS RTOS Condition cause : null
2023-11-19 14:44:58,370 [WARN] ConditionMgr:1039 - genDependencies : Invalid condition id : UX DEVICE CLASS RTOS Condition cause : null
2023-11-19 14:44:58,411 [WARN] PackLoader:240 - Cannot read IP mode file for STMicroelectronics.X-CUBE-SUBG2.5.0.0
2023-11-19 14:44:58,462 [WARN] PackLoader:240 - Cannot read IP mode file for STMicroelectronics.X-CUBE-TOF1.3.3.1
2023-11-19 14:44:58,620 [WARN] PackLoader:240 - Cannot read IP mode file for STMicroelectronics.X-CUBE-AZRTOS-G4.2.0.0
2023-11-19 14:44:58,698 [WARN] PackLoader:240 - Cannot read IP mode file for Infineon.AIROC-Wi-Fi-Bluetooth-STM32.1.5.1
2023-11-19 14:44:58,767 [WARN] PackLoader:240 - Cannot read IP mode file for STMicroelectronics.FP-SNS-MOTENVWB1.1.3.0
2023-11-19 14:44:58,906 [WARN] PackLoader:240 - Cannot read IP mode file for STMicroelectronics.X-CUBE-MEMS1.10.0.0
2023-11-19 14:44:59,279 [WARN] PackLoader:240 - Cannot read IP mode file for STMicroelectronics.X-CUBE-FREERTOS.1.1.0
2023-11-19 14:44:59,304 [WARN] PackLoader:240 - Cannot read IP mode file for portGmbH.I-Cube-SoM-uGOAL.1.1.0
2023-11-19 14:44:59,327 [WARN] PackLoader:240 - Cannot read IP mode file for STMicroelectronics.X-CUBE-ALS.1.0.1
2023-11-19 14:44:59,343 [WARN] PackLoader:240 - Cannot read IP mode file for STMicroelectronics.FP-ATR-ASTRA1.2.0.0
2023-11-19 14:44:59,344 [INFO] ThirdParty:978 - Integrity check success = true
2023-11-19 14:44:59,344 [INFO] IntegrityCheckThread:100 - exiting critical section [integrity check]
2023-11-19 14:44:59,344 [INFO] IntegrityCheckThread:103 - End integrity checks thread
2023-11-19 14:45:18,296 [ERROR] LogOutputStream:75 - [STDERR_REDIRECT] SLF4J: Failed to load class "org.slf4j.impl.StaticLoggerBinder".
2023-11-19 14:45:18,297 [ERROR] LogOutputStream:75 - [STDERR_REDIRECT] SLF4J: Defaulting to no-operation (NOP) logger implementation
2023-11-19 14:45:18,300 [ERROR] LogOutputStream:75 - [STDERR_REDIRECT] SLF4J: See http://www.slf4j.org/codes.html#StaticLoggerBinder for further details.
2023-11-19 14:57:27,258 [INFO] Activator:176 - 


2023-11-19 14:57:27,261 [INFO] Activator:177 - !SESSION log4j initialized
2023-11-19 14:57:31,768 [INFO] LogOutputStream:77 - [STDOUT_REDIRECT] 
2023-11-19 14:57:35,512 [INFO] ApplicationProperties:184 - Using Application install path: C:\ST\STM32CubeIDE_1.13.2\STM32CubeIDE\plugins\com.st.stm32cube.common.mx_6.9.2.202309101412
2023-11-19 14:57:35,548 [INFO] DbMcusXml:78 - Set database path to: C:\ST\STM32CubeIDE_1.13.2\STM32CubeIDE\plugins\com.st.stm32cube.common.mx_6.9.2.202309101412\\db\/mcu/
2023-11-19 14:57:35,549 [INFO] ApiDb:274 - Set plugin database path to: C:\ST\STM32CubeIDE_1.13.2\STM32CubeIDE\plugins\com.st.stm32cube.common.mx_6.9.2.202309101412\\db\/plugins/boardmanager/
2023-11-19 14:57:35,550 [WARN] ApiDb:259 - Overriding images path with different value:  => C:\ST\STM32CubeIDE_1.13.2\STM32CubeIDE\plugins\com.st.stm32cube.common.mx_6.9.2.202309101412\\db\/plugins/mcufinder/images/
2023-11-19 14:57:35,565 [INFO] ApiDb:250 - Set database path to: C:\Users\Pavle\.stmcufinder\plugins\mcufinder//mcu/
2023-11-19 14:57:35,567 [INFO] DbMcusAds:125 - Set database path to: C:\Users\Pavle\.stmcufinder\plugins\mcufinder//mcu/
2023-11-19 14:57:35,572 [INFO] CrossReferenceDbSqlite:203 - Set database path to: C:\Users\Pavle\.stmcufinder\plugins\mcufinder//mcu/cs/
2023-11-19 14:57:35,810 [INFO] RulesReader:64 - Compatibility file has been processed (293 Rules)
2023-11-19 14:57:35,956 [INFO] DbMcusXml:78 - Set database path to: C:\ST\STM32CubeIDE_1.13.2\STM32CubeIDE\plugins\com.st.stm32cube.common.mx_6.9.2.202309101412\\db\/mcu/
2023-11-19 14:57:35,956 [INFO] ApiDb:274 - Set plugin database path to: C:\ST\STM32CubeIDE_1.13.2\STM32CubeIDE\plugins\com.st.stm32cube.common.mx_6.9.2.202309101412\\db\/plugins/boardmanager/
2023-11-19 14:57:35,957 [INFO] ApiDb:261 - Set plugin images path to: C:\ST\STM32CubeIDE_1.13.2\STM32CubeIDE\plugins\com.st.stm32cube.common.mx_6.9.2.202309101412\\db\/plugins/mcufinder/images/
2023-11-19 14:57:35,957 [WARN] DbFile:41 - Overriding database path with different value: C:\Users\Pavle\.stmcufinder\plugins\mcufinder/ => C:\Users\Pavle\.stmcufinder\plugins\mcufinder
2023-11-19 14:57:35,958 [INFO] ApiDb:250 - Set database path to: C:\Users\Pavle\.stmcufinder\plugins\mcufinder//mcu/
2023-11-19 14:57:35,958 [WARN] DbFile:41 - Overriding database path with different value: C:\Users\Pavle\.stmcufinder\plugins\mcufinder/ => C:\Users\Pavle\.stmcufinder\plugins\mcufinder
2023-11-19 14:57:35,958 [INFO] DbMcusAds:125 - Set database path to: C:\Users\Pavle\.stmcufinder\plugins\mcufinder//mcu/
2023-11-19 14:57:35,959 [WARN] DbFile:41 - Overriding database path with different value: C:\Users\Pavle\.stmcufinder\plugins\mcufinder/ => C:\Users\Pavle\.stmcufinder\plugins\mcufinder
2023-11-19 14:57:35,959 [WARN] DbFile:41 - Overriding database path with different value: C:\Users\Pavle\.stmcufinder\plugins\mcufinder/ => C:\Users\Pavle\.stmcufinder\plugins\mcufinder
2023-11-19 14:57:35,959 [INFO] CrossReferenceDbSqlite:203 - Set database path to: C:\Users\Pavle\.stmcufinder\plugins\mcufinder//mcu/cs/
2023-11-19 14:57:36,103 [INFO] MainPanel:262 - HeapMemory: 268435456
2023-11-19 14:57:36,236 [INFO] DbMcusXml:78 - Set database path to: C:\ST\STM32CubeIDE_1.13.2\STM32CubeIDE\plugins\com.st.stm32cube.common.mx_6.9.2.202309101412\\db\/mcu/
2023-11-19 14:57:36,236 [INFO] ApiDb:274 - Set plugin database path to: C:\ST\STM32CubeIDE_1.13.2\STM32CubeIDE\plugins\com.st.stm32cube.common.mx_6.9.2.202309101412\\db\/plugins/boardmanager/
2023-11-19 14:57:36,236 [INFO] ApiDb:261 - Set plugin images path to: C:\ST\STM32CubeIDE_1.13.2\STM32CubeIDE\plugins\com.st.stm32cube.common.mx_6.9.2.202309101412\\db\/plugins/mcufinder/images/
2023-11-19 14:57:36,237 [WARN] DbFile:41 - Overriding database path with different value: C:\Users\Pavle\.stmcufinder\plugins\mcufinder/ => C:\Users\Pavle\.stmcufinder\plugins\mcufinder
2023-11-19 14:57:36,237 [INFO] ApiDb:250 - Set database path to: C:\Users\Pavle\.stmcufinder\plugins\mcufinder//mcu/
2023-11-19 14:57:36,237 [WARN] DbFile:41 - Overriding database path with different value: C:\Users\Pavle\.stmcufinder\plugins\mcufinder/ => C:\Users\Pavle\.stmcufinder\plugins\mcufinder
2023-11-19 14:57:36,237 [INFO] DbMcusAds:125 - Set database path to: C:\Users\Pavle\.stmcufinder\plugins\mcufinder//mcu/
2023-11-19 14:57:36,238 [WARN] DbFile:41 - Overriding database path with different value: C:\Users\Pavle\.stmcufinder\plugins\mcufinder/ => C:\Users\Pavle\.stmcufinder\plugins\mcufinder
2023-11-19 14:57:36,238 [WARN] DbFile:41 - Overriding database path with different value: C:\Users\Pavle\.stmcufinder\plugins\mcufinder/ => C:\Users\Pavle\.stmcufinder\plugins\mcufinder
2023-11-19 14:57:36,238 [INFO] CrossReferenceDbSqlite:203 - Set database path to: C:\Users\Pavle\.stmcufinder\plugins\mcufinder//mcu/cs/
2023-11-19 14:57:36,268 [INFO] ApplicationProperties:184 - Using Application install path: C:\ST\STM32CubeIDE_1.13.2\STM32CubeIDE\plugins\com.st.stm32cube.common.mx_6.9.2.202309101412
2023-11-19 14:57:36,271 [INFO] PluginManage:196 - Search for loadable plugins [exclusion list=, ]
2023-11-19 14:57:36,273 [INFO] PluginManage:310 - Check plugin analytics
2023-11-19 14:57:36,567 [INFO] AnalyticsPlugin:253 - Accepted Software Licenses: 
2023-11-19 14:57:36,568 [INFO] AnalyticsPlugin:255 - Accepted CMSIS Pack Licenses: 
2023-11-19 14:57:36,568 [INFO] AnalyticsPlugin:257 - Accepted Firmware Licenses: 
2023-11-19 14:57:36,572 [INFO] PluginManage:359 - Loaded plugin analytics (category:tool,tabindex:-1)
2023-11-19 14:57:36,574 [INFO] PluginManage:310 - Check plugin cadmodel
2023-11-19 14:57:36,584 [INFO] CADModel:105 - Init CAD model plugin
2023-11-19 14:57:36,584 [INFO] PluginManage:359 - Loaded plugin cadmodel (category:power,tabindex:5)
2023-11-19 14:57:36,585 [INFO] PluginManage:310 - Check plugin clock
2023-11-19 14:57:36,604 [INFO] PluginManage:359 - Loaded plugin clock (category:base,tabindex:2)
2023-11-19 14:57:36,604 [INFO] PluginManage:310 - Check plugin ddr
2023-11-19 14:57:36,609 [INFO] PluginManage:359 - Loaded plugin ddr (category:tool,tabindex:6)
2023-11-19 14:57:36,609 [INFO] PluginManage:310 - Check plugin filemanager
2023-11-19 14:57:36,857 [INFO] PluginManage:359 - Loaded plugin filemanager (category:base,tabindex:10)
2023-11-19 14:57:36,857 [INFO] PluginManage:310 - Check plugin ipmanager
2023-11-19 14:57:36,869 [INFO] PluginManage:359 - Loaded plugin ipmanager (category:base,tabindex:5)
2023-11-19 14:57:36,870 [INFO] PluginManage:310 - Check plugin lpbam
2023-11-19 14:57:36,886 [INFO] PluginManage:359 - Loaded plugin lpbam (category:base,tabindex:0)
2023-11-19 14:57:36,886 [INFO] PluginManage:310 - Check plugin memorymap
2023-11-19 14:57:36,904 [INFO] PluginManage:359 - Loaded plugin memorymap (category:base,tabindex:4)
2023-11-19 14:57:36,904 [INFO] PluginManage:310 - Check plugin pinoutandconfiguration
2023-11-19 14:57:36,917 [INFO] PluginManage:359 - Loaded plugin pinoutandconfiguration (category:base,tabindex:1)
2023-11-19 14:57:36,917 [INFO] PluginManage:310 - Check plugin pinoutconfig
2023-11-19 14:57:37,092 [WARN] SupportedApi:132 - Cannot load RTOS API schema: s4s-elt-must-match.1: The content of 'definitions' must match (annotation?, (simpleType | complexType)?, (unique | key | keyref)*)). A problem was found starting at: attribute.
2023-11-19 14:57:37,341 [INFO] PluginManage:359 - Loaded plugin pinoutconfig (category:base,tabindex:0)
2023-11-19 14:57:37,342 [INFO] PluginManage:310 - Check plugin power
2023-11-19 14:57:37,359 [INFO] PluginManage:359 - Loaded plugin power (category:power,tabindex:4)
2023-11-19 14:57:37,360 [INFO] PluginManage:310 - Check plugin projectmanager
2023-11-19 14:57:37,390 [INFO] PluginManage:359 - Loaded plugin projectmanager (category:projectmanager,tabindex:3)
2023-11-19 14:57:37,391 [INFO] PluginManage:310 - Check plugin thirdparty
2023-11-19 14:57:37,618 [INFO] PluginManage:359 - Loaded plugin thirdparty (category:base,tabindex:-1)
2023-11-19 14:57:37,619 [INFO] PluginManage:310 - Check plugin tools
2023-11-19 14:57:37,620 [WARN] IntegrityCheckThread:84 - waiting for thirdparty lock release [integrity check]
2023-11-19 14:57:37,623 [INFO] IntegrityCheckThread:86 - entering critical section [integrity check]
2023-11-19 14:57:37,624 [INFO] ThirdPartyUpdaterWithRetryManager:70 - Updater plugin not ready yet. [1/15]
2023-11-19 14:57:37,625 [INFO] PluginManage:359 - Loaded plugin tools (category:base,tabindex:7)
2023-11-19 14:57:37,625 [INFO] PluginManage:310 - Check plugin tutovideos
2023-11-19 14:57:37,879 [INFO] PluginManage:359 - Loaded plugin tutovideos (category:base,tabindex:-1)
2023-11-19 14:57:37,880 [INFO] PluginManage:310 - Check plugin updater
2023-11-19 14:57:37,897 [INFO] PluginManage:359 - Loaded plugin updater (category:base,tabindex:12)
2023-11-19 14:57:37,897 [INFO] PluginManage:310 - Check plugin userauth
2023-11-19 14:57:37,906 [INFO] UserAuth:113 - Init User Auth plugin
2023-11-19 14:57:37,907 [INFO] PluginManage:359 - Loaded plugin userauth (category:base,tabindex:14)
2023-11-19 14:57:37,908 [INFO] PluginManage:283 - PluginManage : Loaded plugins [17]
2023-11-19 14:57:38,243 [INFO] PinOutPanel:1499 - setPackage(No Configuration,No Configuration)
2023-11-19 14:57:38,438 [INFO] CADModel:165 - CPN selected for project level
2023-11-19 14:57:38,439 [INFO] CADModel:114 - Register for checkConnection events
2023-11-19 14:57:38,462 [INFO] IPUIPlugin:80 - create IPUIPlugin
2023-11-19 14:57:38,462 [INFO] PluginManager:220 - loadIPPluginJar : add adc
2023-11-19 14:57:38,466 [INFO] IPUIPlugin:80 - create IPUIPlugin
2023-11-19 14:57:38,467 [INFO] PluginManager:220 - loadIPPluginJar : add aes
2023-11-19 14:57:38,471 [INFO] IPUIPlugin:80 - create IPUIPlugin
2023-11-19 14:57:38,471 [INFO] PluginManager:220 - loadIPPluginJar : add can
2023-11-19 14:57:38,474 [INFO] IPUIPlugin:80 - create IPUIPlugin
2023-11-19 14:57:38,475 [INFO] PluginManager:220 - loadIPPluginJar : add comp
2023-11-19 14:57:38,480 [INFO] IPUIPlugin:80 - create IPUIPlugin
2023-11-19 14:57:38,480 [INFO] PluginManager:220 - loadIPPluginJar : add cryp
2023-11-19 14:57:38,485 [INFO] IPUIPlugin:80 - create IPUIPlugin
2023-11-19 14:57:38,486 [INFO] PluginManager:220 - loadIPPluginJar : add dfsdm
2023-11-19 14:57:38,497 [INFO] IPUIPlugin:80 - create IPUIPlugin
2023-11-19 14:57:38,498 [INFO] PluginManager:220 - loadIPPluginJar : add dma
2023-11-19 14:57:38,503 [INFO] IPUIPlugin:80 - create IPUIPlugin
2023-11-19 14:57:38,504 [INFO] PluginManager:220 - loadIPPluginJar : add dma3
2023-11-19 14:57:38,507 [INFO] IPUIPlugin:80 - create IPUIPlugin
2023-11-19 14:57:38,507 [INFO] PluginManager:220 - loadIPPluginJar : add fatfs
2023-11-19 14:57:38,515 [INFO] IPUIPlugin:80 - create IPUIPlugin
2023-11-19 14:57:38,516 [INFO] PluginManager:220 - loadIPPluginJar : add fmc
2023-11-19 14:57:38,525 [INFO] IPUIPlugin:80 - create IPUIPlugin
2023-11-19 14:57:38,526 [INFO] PluginManager:220 - loadIPPluginJar : add freertos
2023-11-19 14:57:38,528 [INFO] IPUIPlugin:80 - create IPUIPlugin
2023-11-19 14:57:38,529 [INFO] PluginManager:220 - loadIPPluginJar : add genericplugin
2023-11-19 14:57:38,532 [INFO] IPUIPlugin:80 - create IPUIPlugin
2023-11-19 14:57:38,533 [INFO] PluginManager:220 - loadIPPluginJar : add gfxmmu
2023-11-19 14:57:38,542 [INFO] IPUIPlugin:80 - create IPUIPlugin
2023-11-19 14:57:38,542 [INFO] PluginManager:220 - loadIPPluginJar : add gic
2023-11-19 14:57:38,549 [INFO] IPUIPlugin:80 - create IPUIPlugin
2023-11-19 14:57:38,550 [INFO] PluginManager:220 - loadIPPluginJar : add gpio
2023-11-19 14:57:38,555 [INFO] IPUIPlugin:80 - create IPUIPlugin
2023-11-19 14:57:38,555 [INFO] PluginManager:220 - loadIPPluginJar : add gtzc
2023-11-19 14:57:38,559 [INFO] IPUIPlugin:80 - create IPUIPlugin
2023-11-19 14:57:38,560 [INFO] PluginManager:220 - loadIPPluginJar : add hash
2023-11-19 14:57:38,564 [INFO] IPUIPlugin:80 - create IPUIPlugin
2023-11-19 14:57:38,564 [INFO] PluginManager:220 - loadIPPluginJar : add i2c
2023-11-19 14:57:38,569 [INFO] IPUIPlugin:80 - create IPUIPlugin
2023-11-19 14:57:38,570 [INFO] PluginManager:220 - loadIPPluginJar : add i2s
2023-11-19 14:57:38,575 [INFO] IPUIPlugin:80 - create IPUIPlugin
2023-11-19 14:57:38,575 [INFO] PluginManager:220 - loadIPPluginJar : add i3c
2023-11-19 14:57:38,580 [INFO] IPUIPlugin:80 - create IPUIPlugin
2023-11-19 14:57:38,581 [INFO] PluginManager:220 - loadIPPluginJar : add ipddr
2023-11-19 14:57:38,591 [INFO] IPUIPlugin:80 - create IPUIPlugin
2023-11-19 14:57:38,591 [INFO] PluginManager:220 - loadIPPluginJar : add linkedlist
2023-11-19 14:57:38,595 [INFO] IPUIPlugin:80 - create IPUIPlugin
2023-11-19 14:57:38,596 [INFO] PluginManager:220 - loadIPPluginJar : add lorawan
2023-11-19 14:57:38,598 [INFO] IPUIPlugin:80 - create IPUIPlugin
2023-11-19 14:57:38,599 [INFO] PluginManager:220 - loadIPPluginJar : add ltdc
2023-11-19 14:57:38,607 [INFO] IPUIPlugin:80 - create IPUIPlugin
2023-11-19 14:57:38,608 [INFO] PluginManager:220 - loadIPPluginJar : add mdma
2023-11-19 14:57:38,613 [INFO] IPUIPlugin:80 - create IPUIPlugin
2023-11-19 14:57:38,614 [INFO] PluginManager:220 - loadIPPluginJar : add nvic
2023-11-19 14:57:38,618 [INFO] IPUIPlugin:80 - create IPUIPlugin
2023-11-19 14:57:38,618 [INFO] PluginManager:220 - loadIPPluginJar : add opamp
2023-11-19 14:57:38,624 [INFO] IPUIPlugin:80 - create IPUIPlugin
2023-11-19 14:57:38,624 [INFO] PluginManager:220 - loadIPPluginJar : add openamp
2023-11-19 14:57:38,630 [INFO] IPUIPlugin:80 - create IPUIPlugin
2023-11-19 14:57:38,630 [INFO] PluginManager:220 - loadIPPluginJar : add pdm2pcm
2023-11-19 14:57:38,643 [INFO] IPUIPlugin:80 - create IPUIPlugin
2023-11-19 14:57:38,649 [INFO] PluginManager:220 - loadIPPluginJar : add plateformsettings
2023-11-19 14:57:38,652 [INFO] IPUIPlugin:80 - create IPUIPlugin
2023-11-19 14:57:38,652 [INFO] PluginManager:220 - loadIPPluginJar : add quadspi
2023-11-19 14:57:38,660 [INFO] IPUIPlugin:80 - create IPUIPlugin
2023-11-19 14:57:38,660 [INFO] PluginManager:220 - loadIPPluginJar : add resmgrutility
2023-11-19 14:57:38,666 [INFO] IPUIPlugin:80 - create IPUIPlugin
2023-11-19 14:57:38,666 [INFO] PluginManager:220 - loadIPPluginJar : add sai
2023-11-19 14:57:38,671 [INFO] IPUIPlugin:80 - create IPUIPlugin
2023-11-19 14:57:38,672 [INFO] PluginManager:220 - loadIPPluginJar : add spi
2023-11-19 14:57:38,680 [INFO] IPUIPlugin:80 - create IPUIPlugin
2023-11-19 14:57:38,681 [INFO] PluginManager:220 - loadIPPluginJar : add stm32_wpan
2023-11-19 14:57:38,684 [INFO] IPUIPlugin:80 - create IPUIPlugin
2023-11-19 14:57:38,684 [INFO] PluginManager:220 - loadIPPluginJar : add tim
2023-11-19 14:57:38,690 [INFO] IPUIPlugin:80 - create IPUIPlugin
2023-11-19 14:57:38,690 [INFO] PluginManager:220 - loadIPPluginJar : add touchsensing
2023-11-19 14:57:38,694 [INFO] IPUIPlugin:80 - create IPUIPlugin
2023-11-19 14:57:38,694 [INFO] PluginManager:220 - loadIPPluginJar : add tracer_emb
2023-11-19 14:57:38,698 [INFO] IPUIPlugin:80 - create IPUIPlugin
2023-11-19 14:57:38,698 [INFO] PluginManager:220 - loadIPPluginJar : add ts
2023-11-19 14:57:38,700 [INFO] IPUIPlugin:80 - create IPUIPlugin
2023-11-19 14:57:38,700 [INFO] PluginManager:220 - loadIPPluginJar : add tsc
2023-11-19 14:57:38,704 [INFO] IPUIPlugin:80 - create IPUIPlugin
2023-11-19 14:57:38,704 [INFO] PluginManager:220 - loadIPPluginJar : add ucpd
2023-11-19 14:57:38,709 [INFO] IPUIPlugin:80 - create IPUIPlugin
2023-11-19 14:57:38,710 [INFO] PluginManager:220 - loadIPPluginJar : add usart
2023-11-19 14:57:38,715 [INFO] IPUIPlugin:80 - create IPUIPlugin
2023-11-19 14:57:38,715 [INFO] PluginManager:220 - loadIPPluginJar : add usbx
2023-11-19 14:57:38,890 [INFO] CADModel:165 - CPN selected for project level
2023-11-19 14:57:38,890 [INFO] CADModel:114 - Register for checkConnection events
2023-11-19 14:57:38,891 [FATAL] Updater:308 - Updater called before beeing initialized
2023-11-19 14:57:38,891 [ERROR] CADModel:125 - Updater not yet initialized, retry later 
2023-11-19 14:57:39,109 [INFO] CADModel:165 - CPN selected for project level
2023-11-19 14:57:39,109 [INFO] CADModel:114 - Register for checkConnection events
2023-11-19 14:57:39,109 [FATAL] Updater:308 - Updater called before beeing initialized
2023-11-19 14:57:39,109 [ERROR] CADModel:125 - Updater not yet initialized, retry later 
2023-11-19 14:57:39,114 [FATAL] Updater:308 - Updater called before beeing initialized
2023-11-19 14:57:39,297 [FATAL] Updater:308 - Updater called before beeing initialized
2023-11-19 14:57:39,306 [INFO] DbMcusAds:53 - JSON generation date=Tue Mar 07 09:50:55 CET 2023 (1678179055335)
2023-11-19 14:57:39,306 [FATAL] Updater:308 - Updater called before beeing initialized
2023-11-19 14:57:39,361 [WARN] DetailPanel:346 - Failed to get advertising image, set to default
2023-11-19 14:57:39,526 [FATAL] Updater:308 - Updater called before beeing initialized
2023-11-19 14:57:39,529 [FATAL] Updater:308 - Updater called before beeing initialized
2023-11-19 14:57:39,529 [FATAL] Updater:308 - Updater called before beeing initialized
2023-11-19 14:57:39,529 [WARN] DetailPanel:346 - Failed to get advertising image, set to default
2023-11-19 14:57:39,530 [FATAL] Updater:308 - Updater called before beeing initialized
2023-11-19 14:57:39,607 [ERROR] Updater:1120 - MainUpdater not yet initialized. External WinMGr cannot be set.
2023-11-19 14:57:39,610 [INFO] Updater:1056 - Updater Version found : 6.9.2
2023-11-19 14:57:39,637 [INFO] ApplicationProperties:184 - Using Application install path: C:\ST\STM32CubeIDE_1.13.2\STM32CubeIDE\plugins\com.st.stm32cube.common.mx_6.9.2.202309101412
2023-11-19 14:57:39,900 [INFO] MainUpdater:2868 - connection check result : 10
2023-11-19 14:57:39,900 [INFO] MainUpdater:285 - Updater Check For Update Now.
2023-11-19 14:57:39,900 [INFO] MicroXplorer:498 - Change Database Version : DB.6.0.92
2023-11-19 14:57:39,911 [INFO] McuFinderGlobals:63 - Set McuFinder mode to 2 (CubeIDE integrated)
2023-11-19 14:57:39,911 [INFO] McuFinderGlobals:63 - Set McuFinder mode to 2 (CubeIDE integrated)
2023-11-19 14:57:40,012 [ERROR] FilesUtils:157 - C:\Users\Pavle\.stmcube\.STM32CUBEMX_PLUGIN6.9.2Repository.ser: The process cannot access the file because it is being used by another process
2023-11-19 14:57:40,222 [INFO] CheckServerUpdateThread:120 - End of CheckServer Thread
2023-11-19 14:57:41,018 [WARN] PackLoader:240 - Cannot read IP mode file for STMicroelectronics.X-CUBE-SMBUS.2.1.0
2023-11-19 14:57:41,186 [WARN] PackLoader:240 - Cannot read IP mode file for STMicroelectronics.X-CUBE-AZRTOS-F7.1.1.0
2023-11-19 14:57:41,212 [WARN] PackLoader:240 - Cannot read IP mode file for STMicroelectronics.FP-SNS-MOTENV1.4.3.2
2023-11-19 14:57:41,226 [WARN] PackLoader:240 - Cannot read IP mode file for STMicroelectronics.FP-SNS-FLIGHT1.5.0.2
2023-11-19 14:57:41,265 [WARN] PackLoader:240 - Cannot read IP mode file for STMicroelectronics.X-CUBE-DISPLAY.3.0.0
2023-11-19 14:57:41,290 [WARN] PackLoader:240 - Cannot read IP mode file for STMicroelectronics.X-CUBE-BLE1.7.0.0
2023-11-19 14:57:41,302 [WARN] PackLoader:240 - Cannot read IP mode file for emotas.I-CUBE-CANOPEN.1.3.0
2023-11-19 14:57:41,311 [WARN] PackLoader:240 - Cannot read IP mode file for STMicroelectronics.X-CUBE-TOUCHGFX.4.22.1
2023-11-19 14:57:41,320 [WARN] PackLoader:240 - Cannot read IP mode file for STMicroelectronics.FP-SNS-SMARTAG2.1.2.0
2023-11-19 14:57:41,346 [INFO] LogOutputStream:77 - [STDOUT_REDIRECT] 1 : Invalid condition id : UX_CORESTACK_Condition cause : null
2023-11-19 14:57:41,347 [INFO] LogOutputStream:77 - [STDOUT_REDIRECT] 1 : Invalid condition id : UX_CORESTACK_Condition cause : null
2023-11-19 14:57:41,352 [INFO] LogOutputStream:77 - [STDOUT_REDIRECT] 1 : Invalid condition id : UX_CORESTACK_Condition cause : null
2023-11-19 14:57:41,361 [INFO] LogOutputStream:77 - [STDOUT_REDIRECT] 1 : Invalid condition id : UX_CORESTACK_Condition cause : null
2023-11-19 14:57:41,366 [INFO] LogOutputStream:77 - [STDOUT_REDIRECT] 1 : Invalid condition id : UX_CORESTACK_Condition cause : null
2023-11-19 14:57:41,380 [WARN] PackLoader:240 - Cannot read IP mode file for STMicroelectronics.X-CUBE-AZRTOS-WL.2.0.0
2023-11-19 14:57:41,399 [WARN] PackLoader:240 - Cannot read IP mode file for WES.I-CUBE-Cesium.1.3.0
2023-11-19 14:57:41,410 [WARN] PackLoader:240 - Cannot read IP mode file for STMicroelectronics.X-CUBE-BLE2.3.3.0
2023-11-19 14:57:41,424 [WARN] PackLoader:240 - Cannot read IP mode file for STMicroelectronics.X-CUBE-ALGOBUILD.1.3.0
2023-11-19 14:57:41,473 [WARN] PackLoader:240 - Cannot read IP mode file for STMicroelectronics.X-CUBE-AZRTOS-G0.1.1.0
2023-11-19 14:57:41,493 [WARN] PackLoader:240 - Cannot read IP mode file for STMicroelectronics.X-CUBE-NFC4.3.0.0
2023-11-19 14:57:41,517 [WARN] PackLoader:240 - Cannot read IP mode file for STMicroelectronics.X-CUBE-BLEMGR.3.0.0
2023-11-19 14:57:41,530 [WARN] PackLoader:240 - Cannot read IP mode file for STMicroelectronics.FP-ATR-SIGFOX1.3.2.0
2023-11-19 14:57:41,541 [WARN] PackLoader:240 - Cannot read IP mode file for STMicroelectronics.X-CUBE-GNSS1.6.0.0
2023-11-19 14:57:41,602 [WARN] PackLoader:240 - Cannot read IP mode file for STMicroelectronics.X-CUBE-AZRTOS-F4.1.1.0
2023-11-19 14:57:41,617 [WARN] PackLoader:240 - Cannot read IP mode file for wolfSSL.I-CUBE-wolfSSL.5.6.4
2023-11-19 14:57:41,651 [WARN] PackLoader:240 - Cannot read IP mode file for STMicroelectronics.X-CUBE-AZRTOS-L5.2.0.0
2023-11-19 14:57:41,667 [WARN] PackLoader:240 - Cannot read IP mode file for STMicroelectronics.X-CUBE-EEPRMA1.4.2.0
2023-11-19 14:57:41,678 [WARN] PackLoader:240 - Cannot read IP mode file for ITTIA_DB.I-CUBE-ITTIADB.8.8.0
2023-11-19 14:57:41,701 [WARN] ConditionMgr:438 - getConditionDescription Invalid condition id : UX DEVICE CLASS RTOS Condition cause : null
2023-11-19 14:57:41,701 [WARN] ConditionMgr:438 - getConditionDescription Invalid condition id : UX DEVICE CLASS RTOS Condition cause : null
2023-11-19 14:57:41,708 [WARN] PackLoader:240 - Cannot read IP mode file for STMicroelectronics.X-CUBE-AZRTOS-H7.3.1.0
2023-11-19 14:57:41,710 [WARN] ConditionMgr:1039 - genDependencies : Invalid condition id : UX DEVICE CLASS RTOS Condition cause : null
2023-11-19 14:57:41,710 [WARN] ConditionMgr:1039 - genDependencies : Invalid condition id : UX DEVICE CLASS RTOS Condition cause : null
2023-11-19 14:57:41,712 [WARN] ConditionMgr:1039 - genDependencies : Invalid condition id : UX DEVICE CLASS RTOS Condition cause : null
2023-11-19 14:57:41,713 [WARN] ConditionMgr:1039 - genDependencies : Invalid condition id : UX DEVICE CLASS RTOS Condition cause : null
2023-11-19 14:57:41,713 [WARN] ConditionMgr:1039 - genDependencies : Invalid condition id : UX DEVICE CLASS RTOS Condition cause : null
2023-11-19 14:57:41,726 [WARN] PackLoader:240 - Cannot read IP mode file for STMicroelectronics.X-CUBE-NFC7.1.0.1
2023-11-19 14:57:41,740 [WARN] PackLoader:240 - Cannot read IP mode file for STMicroelectronics.X-CUBE-NFC6.3.0.0
2023-11-19 14:57:41,751 [WARN] PackLoader:240 - Cannot read IP mode file for STMicroelectronics.X-CUBE-AI.8.1.0
2023-11-19 14:57:41,779 [WARN] ConditionMgr:438 - getConditionDescription Invalid condition id : LAN8742 Phy interface Condition cause : null
2023-11-19 14:57:41,780 [WARN] PackLoader:240 - Cannot read IP mode file for STMicroelectronics.X-CUBE-AZRTOS-L4.2.0.0
2023-11-19 14:57:41,782 [WARN] ConditionMgr:1039 - genDependencies : Invalid condition id : LAN8742 Phy interface Condition cause : null
2023-11-19 14:57:41,782 [WARN] ConditionMgr:1039 - genDependencies : Invalid condition id : LAN8742 Phy interface Condition cause : null
2023-11-19 14:57:41,784 [WARN] ConditionMgr:1039 - genDependencies : Invalid condition id : LAN8742 Phy interface Condition cause : null
2023-11-19 14:57:41,796 [WARN] PackLoader:240 - Cannot read IP mode file for STMicroelectronics.X-CUBE-SFXS2LP1.4.0.0
2023-11-19 14:57:41,803 [WARN] PackLoader:240 - Cannot read IP mode file for STMicroelectronics.X-CUBE-ISPU.1.1.0
2023-11-19 14:57:41,823 [WARN] ConditionMgr:438 - getConditionDescription Invalid condition id : UX DEVICE CLASS RTOS Condition cause : null
2023-11-19 14:57:41,823 [WARN] ConditionMgr:438 - getConditionDescription Invalid condition id : UX DEVICE CLASS RTOS Condition cause : null
2023-11-19 14:57:41,827 [WARN] PackLoader:240 - Cannot read IP mode file for STMicroelectronics.X-CUBE-AZRTOS-WB.2.0.0
2023-11-19 14:57:41,828 [WARN] ConditionMgr:1039 - genDependencies : Invalid condition id : UX DEVICE CLASS RTOS Condition cause : null
2023-11-19 14:57:41,828 [WARN] ConditionMgr:1039 - genDependencies : Invalid condition id : UX DEVICE CLASS RTOS Condition cause : null
2023-11-19 14:57:41,829 [WARN] ConditionMgr:1039 - genDependencies : Invalid condition id : UX DEVICE CLASS RTOS Condition cause : null
2023-11-19 14:57:41,830 [WARN] ConditionMgr:1039 - genDependencies : Invalid condition id : UX DEVICE CLASS RTOS Condition cause : null
2023-11-19 14:57:41,830 [WARN] ConditionMgr:1039 - genDependencies : Invalid condition id : UX DEVICE CLASS RTOS Condition cause : null
2023-11-19 14:57:41,846 [WARN] PackLoader:240 - Cannot read IP mode file for STMicroelectronics.X-CUBE-SUBG2.5.0.0
2023-11-19 14:57:41,868 [WARN] PackLoader:240 - Cannot read IP mode file for STMicroelectronics.X-CUBE-TOF1.3.3.1
2023-11-19 14:57:41,916 [WARN] PackLoader:240 - Cannot read IP mode file for STMicroelectronics.X-CUBE-AZRTOS-G4.2.0.0
2023-11-19 14:57:41,945 [WARN] PackLoader:240 - Cannot read IP mode file for Infineon.AIROC-Wi-Fi-Bluetooth-STM32.1.5.1
2023-11-19 14:57:41,961 [WARN] PackLoader:240 - Cannot read IP mode file for STMicroelectronics.FP-SNS-MOTENVWB1.1.3.0
2023-11-19 14:57:42,049 [WARN] PackLoader:240 - Cannot read IP mode file for STMicroelectronics.X-CUBE-MEMS1.10.0.0
2023-11-19 14:57:42,234 [WARN] PackLoader:240 - Cannot read IP mode file for STMicroelectronics.X-CUBE-FREERTOS.1.1.0
2023-11-19 14:57:42,242 [WARN] PackLoader:240 - Cannot read IP mode file for portGmbH.I-Cube-SoM-uGOAL.1.1.0
2023-11-19 14:57:42,248 [WARN] PackLoader:240 - Cannot read IP mode file for STMicroelectronics.X-CUBE-ALS.1.0.1
2023-11-19 14:57:42,254 [WARN] PackLoader:240 - Cannot read IP mode file for STMicroelectronics.FP-ATR-ASTRA1.2.0.0
2023-11-19 14:57:42,255 [INFO] ThirdParty:978 - Integrity check success = true
2023-11-19 14:57:42,255 [INFO] IntegrityCheckThread:100 - exiting critical section [integrity check]
2023-11-19 14:57:42,256 [INFO] IntegrityCheckThread:103 - End integrity checks thread
2023-11-19 14:58:01,345 [ERROR] LogOutputStream:75 - [STDERR_REDIRECT] SLF4J: Failed to load class "org.slf4j.impl.StaticLoggerBinder".
2023-11-19 14:58:01,346 [ERROR] LogOutputStream:75 - [STDERR_REDIRECT] SLF4J: Defaulting to no-operation (NOP) logger implementation
2023-11-19 14:58:01,348 [ERROR] LogOutputStream:75 - [STDERR_REDIRECT] SLF4J: See http://www.slf4j.org/codes.html#StaticLoggerBinder for further details.
